[]
[]
[]
[]
[]
[]
[]
[]
[]
[]
[]
[]
[]
[]
[]
[]
[]
[]
[]
[]
[]
[]
[]
[]
[]
[]
[]
[]
[]
[]
[]
[]
[]
[]
[]
[]
[]
[]
[]
[]
[]
[]
[]
[]
['/Volumes/SSD1/Google_Data/Takeout/4th_of_July_in_Pittsburgh/20150704_173004.mp4', '/Volumes/SSD1/Google_Data/Takeout/4th_of_July_in_Pittsburgh/20150704_195817.mp4', '/Volumes/SSD1/Google_Data/Takeout/4th_of_July_in_Pittsburgh/20150704_214327.mp4', '/Volumes/SSD1/Google_Data/Takeout/4th_of_July_in_Pittsburgh/20150704_193605.mp4', '/Volumes/SSD1/Google_Data/Takeout/4th_of_July_in_Pittsburgh/20150704_200808.mp4', '/Volumes/SSD1/Google_Data/Takeout/4th_of_July_in_Pittsburgh/20150704_214603.mp4', '/Volumes/SSD1/Google_Data/Takeout/4th_of_July_in_Pittsburgh/20150704_193514.mp4', '/Volumes/SSD1/Google_Data/Takeout/4th_of_July_in_Pittsburgh/20150704_200128.mp4']
[]
[]
[]
[]
[]
[]
[]
[]
[]
[]
[]
[]
[]
[]
[]
[]
[]
[]
[]
[]
[]
[]
[]
['/Volumes/SSD1/Google_Data/Takeout/Google_Photos/2019-12-07/93448DFD-DF11-41C7-8245-2CB31DE960B7.mov', '/Volumes/SSD1/Google_Data/Takeout/Google_Photos/2019-12-07/114E8F51-45A0-438D-A653-AF17334C6463.mov', '/Volumes/SSD1/Google_Data/Takeout/Google_Photos/2019-12-07/C7ABB76E-2351-4259-AC3F-F3A3E2249097.mov', '/Volumes/SSD1/Google_Data/Takeout/Google_Photos/2019-12-07/F6453220-E726-487E-A85F-87939DDC3875.mov', '/Volumes/SSD1/Google_Data/Takeout/Google_Photos/2019-12-07/76509141-6A38-466D-999C-E2758DF86DE0.mov', '/Volumes/SSD1/Google_Data/Takeout/Google_Photos/2019-12-07/MOVIE(3).mp4', '/Volumes/SSD1/Google_Data/Takeout/Google_Photos/2019-12-07/8C393631-90CE-46B2-B9BF-CB156B0F33C5.mov', '/Volumes/SSD1/Google_Data/Takeout/Google_Photos/2019-12-07/BD3AA339-C5C1-4B43-A74C-5CCD32FCB0BA.mov', '/Volumes/SSD1/Google_Data/Takeout/Google_Photos/2019-12-07/B1C6B46D-37AF-443F-9C03-0F851F9CCB97.mp4', '/Volumes/SSD1/Google_Data/Takeout/Google_Photos/2019-12-07/MOVIE(2).mp4', '/Volumes/SSD1/Google_Data/Takeout/Google_Photos/2019-12-07/9bd6eae01c2a449d9551ccc36210c6e5.mov', '/Volumes/SSD1/Google_Data/Takeout/Google_Photos/2019-12-07/E9CB8BEC-9CF9-4398-90C8-7FC468764C3F.mov', '/Volumes/SSD1/Google_Data/Takeout/Google_Photos/2019-12-07/68124CC5-2361-44C7-B92A-A2897856C4C8.mov', '/Volumes/SSD1/Google_Data/Takeout/Google_Photos/2019-12-07/23E29975-7C91-49FE-8873-0773FC2FE297.mov', '/Volumes/SSD1/Google_Data/Takeout/Google_Photos/2019-12-07/862875C6-0781-4E32-9556-D6721D220260.mov', '/Volumes/SSD1/Google_Data/Takeout/Google_Photos/2019-12-07/C427EB4A-B056-4F9A-85C9-41525E58B067.mov', '/Volumes/SSD1/Google_Data/Takeout/Google_Photos/2019-12-07/F04CB5A0-DCFA-41B7-9263-8213413F02F1.mov', '/Volumes/SSD1/Google_Data/Takeout/Google_Photos/2019-12-07/E4EEC4AD-1038-4DAF-A20C-4AD4189DCF9E.mov', '/Volumes/SSD1/Google_Data/Takeout/Google_Photos/2019-12-07/039D3DF3-19C8-4510-A275-EA2211E0408B.mov', '/Volumes/SSD1/Google_Data/Takeout/Google_Photos/2019-12-07/8EAC0775-7D63-4DD5-A807-FF142B97DB07.mov', '/Volumes/SSD1/Google_Data/Takeout/Google_Photos/2019-12-07/993DD4BD-6110-4AEE-A0FD-F772D3850F60.mov', '/Volumes/SSD1/Google_Data/Takeout/Google_Photos/2019-12-07/824A4AFA-5815-47C1-B502-2500C3FDF235.mov', '/Volumes/SSD1/Google_Data/Takeout/Google_Photos/2019-12-07/9e52384c4717456d8be976e5e7959695.mov', '/Volumes/SSD1/Google_Data/Takeout/Google_Photos/2019-12-07/3580A8D9-8171-47AA-BF5C-E19E2412705B.mov', '/Volumes/SSD1/Google_Data/Takeout/Google_Photos/2019-12-07/FF96FFD4-5166-4B5B-B37A-562E8E953A08.mov', '/Volumes/SSD1/Google_Data/Takeout/Google_Photos/2019-12-07/849AF797-A195-4930-85AB-80BE236EDA0F.mov', '/Volumes/SSD1/Google_Data/Takeout/Google_Photos/2019-12-07/BCCFDD66-4BF9-483E-858F-0A9BBD3E8035.mov', '/Volumes/SSD1/Google_Data/Takeout/Google_Photos/2019-12-07/0219AC5B-B212-48F7-95CA-D61183ED951C.mov', '/Volumes/SSD1/Google_Data/Takeout/Google_Photos/2019-12-07/5DD53A4E-24AF-4E7B-822C-537BBF8F0D8B.mov', '/Volumes/SSD1/Google_Data/Takeout/Google_Photos/2019-12-07/8855B5D0-7FD9-4682-933D-9FB330982A5B.mov', '/Volumes/SSD1/Google_Data/Takeout/Google_Photos/2019-12-07/B6AFF6AA-2730-45C4-ADC2-4429AE39BAAB.mov', '/Volumes/SSD1/Google_Data/Takeout/Google_Photos/2019-12-07/1FCF7E79-9910-43CE-9CF1-7CD42D26EA90.mov', '/Volumes/SSD1/Google_Data/Takeout/Google_Photos/2019-12-07/1301EE47-90C2-4748-9014-711F752045D0.mov', '/Volumes/SSD1/Google_Data/Takeout/Google_Photos/2019-12-07/BF2725EC-751B-47B1-AFF7-0AD0300F23D4.mov', '/Volumes/SSD1/Google_Data/Takeout/Google_Photos/2019-12-07/8597DBD8-D065-4DBA-84B5-7E044AF2C82E.mov', '/Volumes/SSD1/Google_Data/Takeout/Google_Photos/2019-12-07/E52F71F4-47FA-44CA-B31D-D61252D027BC.mov', '/Volumes/SSD1/Google_Data/Takeout/Google_Photos/2019-12-07/DB463552-8D47-449B-8070-D7EDA624881C.mov', '/Volumes/SSD1/Google_Data/Takeout/Google_Photos/2019-12-07/866E2CE0-0667-4E38-B454-1BAC904DC1A5.mov', '/Volumes/SSD1/Google_Data/Takeout/Google_Photos/2019-12-07/AE049EE4-656C-410E-B64C-7ACBAB379299.mov', '/Volumes/SSD1/Google_Data/Takeout/Google_Photos/2019-12-07/66C1CF94-5701-4882-80B0-3EA6A0328F45.mov', '/Volumes/SSD1/Google_Data/Takeout/Google_Photos/2019-12-07/902C8B76-D6EC-4AA9-BA7A-7BC4616F0154.mov', '/Volumes/SSD1/Google_Data/Takeout/Google_Photos/2019-12-07/5001CC76-CACF-4D87-A3FC-15276B5D5E26.mov', '/Volumes/SSD1/Google_Data/Takeout/Google_Photos/2019-12-07/9C27558F-9676-4FCB-A6D5-32BA8ECA71A7.mov', '/Volumes/SSD1/Google_Data/Takeout/Google_Photos/2019-12-07/821947B8-E044-414D-8DA3-B2628D698A1B.mov', '/Volumes/SSD1/Google_Data/Takeout/Google_Photos/2019-12-07/B019B355-96B1-4B2E-8F11-A3C153C304E8.mov', '/Volumes/SSD1/Google_Data/Takeout/Google_Photos/2019-12-07/98A7D1CF-211D-449D-81D4-51D095CE1987.mov', '/Volumes/SSD1/Google_Data/Takeout/Google_Photos/2019-12-07/141B7534-FDE1-420C-AA1D-0E80719F672C.mov', '/Volumes/SSD1/Google_Data/Takeout/Google_Photos/2019-12-07/82F70881-5DB1-4B7A-AF61-A8288327786C.mov', '/Volumes/SSD1/Google_Data/Takeout/Google_Photos/2019-12-07/BCE1EA33-D1A5-4863-ADC2-737CFA4A6EFF.mov', '/Volumes/SSD1/Google_Data/Takeout/Google_Photos/2019-12-07/AD8004CC-8AFC-468F-A826-4E7A43EA23EF.mov', '/Volumes/SSD1/Google_Data/Takeout/Google_Photos/2019-12-07/6146453D-4497-431E-ACF0-50A36CF2C2B6.mov', '/Volumes/SSD1/Google_Data/Takeout/Google_Photos/2019-12-07/19371C90-B3B1-42FC-A918-7CD69A1B678F.mov', '/Volumes/SSD1/Google_Data/Takeout/Google_Photos/2019-12-07/3485FE4A-4390-43F6-9612-3500C5921EF3.mov', '/Volumes/SSD1/Google_Data/Takeout/Google_Photos/2019-12-07/375C2CC5-78FF-431E-A225-30B516B7909B.mov', '/Volumes/SSD1/Google_Data/Takeout/Google_Photos/2019-12-07/5DFD6ACB-AF7D-4F3B-8AE6-5FC43CA5DB3C.mov', '/Volumes/SSD1/Google_Data/Takeout/Google_Photos/2019-12-07/12DE972A-CFC3-46C7-84AC-7C6F03C7BD3D.mov', '/Volumes/SSD1/Google_Data/Takeout/Google_Photos/2019-12-07/47ABE89D-1471-4DCC-AE1D-51CDDC07C83A.mov', '/Volumes/SSD1/Google_Data/Takeout/Google_Photos/2019-12-07/MOVIE(1).mp4', '/Volumes/SSD1/Google_Data/Takeout/Google_Photos/2019-12-07/C7D8EBE4-41D2-453B-9149-ADE0273DE8FC.mov', '/Volumes/SSD1/Google_Data/Takeout/Google_Photos/2019-12-07/4F6D136D-4017-4105-AE36-61A24EA09F2D.mov', '/Volumes/SSD1/Google_Data/Takeout/Google_Photos/2019-12-07/E2E5686B-C21D-4E5E-B88E-FDA7FA0D3354.mov', '/Volumes/SSD1/Google_Data/Takeout/Google_Photos/2019-12-07/7F2BF687-B393-4564-B76E-867585DA29D9.mov', '/Volumes/SSD1/Google_Data/Takeout/Google_Photos/2019-12-07/37CBA0F4-9F67-412C-BED5-8EA9BCA688FA.mov', '/Volumes/SSD1/Google_Data/Takeout/Google_Photos/2019-12-07/4AA3BE7E-627B-4FF8-B675-339A1D0AB866.mov', '/Volumes/SSD1/Google_Data/Takeout/Google_Photos/2019-12-07/0D044631-915F-4C87-BB4D-76A2AD4CC06B.mov', '/Volumes/SSD1/Google_Data/Takeout/Google_Photos/2019-12-07/2DC45F9C-92F7-440C-BB31-FDDD4BFAB409.mov', '/Volumes/SSD1/Google_Data/Takeout/Google_Photos/2019-12-07/MOVIE.mp4']
[]
[]
[]
[]
[]
[]
[]
[]
[]
[]
[]
[]
[]
[]
[]
[]
[]
[]
[]
[]
[]
[]
[]
[]
[]
[]
[]
[]
[]
[]
[]
[]
[]
[]
[]
[]
[]
[]
[]
[]
[]
[]
[]
[]
[]
[]
[]
[]
[]
[]
[]
[]
[]
[]
[]
[]
[]
[]
[]
[]
[]
[]
[]
[]
[]
[]
[]
[]
[]
[]
[]
[]
[]
[]
[]
[]
[]
[]
[]
[]
[]
[]
[]
[]
[]
[]
[]
[]
[]
[]
[]
[]
[]
[]
[]
[]
[]
[]
[]
[]
[]
[]
[]
[]
[]
[]
[]
[]
[]
[]
[]
[]
[]
[]
[]
[]
[]
[]
[]
[]
[]
[]
[]
[]
[]
[]
[]
[]
[]
[]
[]
[]
[]
[]
[]
[]
[]
[]
[]
[]
[]
[]
[]
['/Volumes/SSD1/Google_Data/Takeout/Google_Photos/2015-12-29/VID_20151229_122948.mp4']
[]
['/Volumes/SSD1/Google_Data/Takeout/Google_Photos/2015-09-05/VID_20150905_220617.mp4', '/Volumes/SSD1/Google_Data/Takeout/Google_Photos/2015-09-05/VID_20150905_221040.mp4', '/Volumes/SSD1/Google_Data/Takeout/Google_Photos/2015-09-05/Snapchat--6426524257367317137.mp4', '/Volumes/SSD1/Google_Data/Takeout/Google_Photos/2015-09-05/VID_20150905_162733.mp4', '/Volumes/SSD1/Google_Data/Takeout/Google_Photos/2015-09-05/Snapchat-7424943543578332375.mp4']
[]
[]
[]
[]
[]
[]
[]
[]
[]
[]
[]
[]
[]
[]
[]
[]
[]
[]
[]
[]
[]
[]
[]
[]
[]
[]
[]
[]
[]
[]
[]
[]
[]
[]
[]
[]
[]
[]
[]
[]
[]
[]
[]
[]
[]
[]
[]
[]
[]
[]
[]
[]
[]
[]
[]
[]
[]
[]
[]
[]
[]
[]
[]
[]
[]
['/Volumes/SSD1/Google_Data/Takeout/Google_Photos/2019-10-19/7bbb0575-df0d-4e80-acd7-caca87dd1bed.mp4', '/Volumes/SSD1/Google_Data/Takeout/Google_Photos/2019-10-19/62398fb1-4924-4aa4-88a6-644044cf5f26.mp4']
['/Volumes/SSD1/Google_Data/Takeout/Google_Photos/2020-05-11/20200509_143310.mp4', '/Volumes/SSD1/Google_Data/Takeout/Google_Photos/2020-05-11/20200509_142554.mp4', '/Volumes/SSD1/Google_Data/Takeout/Google_Photos/2020-05-11/20200509_142718.mp4', '/Volumes/SSD1/Google_Data/Takeout/Google_Photos/2020-05-11/20200509_143211.mp4', '/Volumes/SSD1/Google_Data/Takeout/Google_Photos/2020-05-11/20200509_142735.mp4', '/Volumes/SSD1/Google_Data/Takeout/Google_Photos/2020-05-11/20200509_143144.mp4', '/Volumes/SSD1/Google_Data/Takeout/Google_Photos/2020-05-11/20200509_145537.mp4']
[]
[]
[]
[]
[]
[]
[]
[]
[]
['/Volumes/SSD1/Google_Data/Takeout/Google_Photos/2016-09-11/Snapchat-717522160037162828.mp4']
[]
[]
['/Volumes/SSD1/Google_Data/Takeout/Google_Photos/2016-11-25/IMG_1783.mp4']
[]
[]
[]
[]
[]
[]
[]
[]
[]
[]
[]
[]
[]
[]
[]
[]
[]
[]
[]
[]
[]
[]
[]
[]
[]
['/Volumes/SSD1/Google_Data/Takeout/Google_Photos/2016-01-09-10/Snapchat-2015424196198038172.mp4']
[]
[]
[]
[]
[]
[]
[]
[]
[]
[]
[]
[]
[]
[]
[]
[]
[]
[]
[]
[]
[]
[]
[]
[]
[]
[]
[]
[]
[]
[]
[]
[]
[]
[]
[]
[]
[]
[]
[]
[]
[]
[]
[]
[]
[]
['/Volumes/SSD1/Google_Data/Takeout/Google_Photos/2018-02-12/ips-68F0A9CC-DBD9-437F-97D6-0CCF803697A2.mp4']
[]
[]
[]
['/Volumes/SSD1/Google_Data/Takeout/Google_Photos/2015-06-28 #2/VID-20150628-WA0042.mp4']
[]
[]
[]
[]
[]
[]
[]
[]
[]
[]
[]
[]
[]
[]
[]
[]
[]
[]
[]
[]
[]
[]
[]
[]
[]
[]
[]
[]
[]
[]
[]
[]
[]
[]
[]
[]
[]
[]
[]
[]
[]
[]
[]
['/Volumes/SSD1/Google_Data/Takeout/Google_Photos/2019-08-28-29/4bb67fb2-2b37-4179-96b7-05418daa559d.mp4']
[]
[]
[]
['/Volumes/SSD1/Google_Data/Takeout/Google_Photos/2018-09-15/sstg-6F19A087-E02A-429A-911D-007942A17316.mp4']
[]
[]
[]
[]
[]
[]
[]
[]
[]
[]
[]
[]
[]
[]
[]
[]
[]
[]
[]
[]
[]
[]
[]
[]
[]
[]
[]
[]
[]
[]
[]
[]
[]
[]
[]
[]
[]
[]
['/Volumes/SSD1/Google_Data/Takeout/Google_Photos/2016-01-05-08/VID_20160106_154317.mp4']
[]
[]
[]
[]
[]
[]
[]
[]
[]
[]
[]
[]
[]
[]
[]
[]
[]
[]
[]
[]
[]
[]
[]
[]
[]
[]
[]
[]
[]
[]
[]
[]
[]
[]
[]
[]
[]
[]
[]
[]
[]
[]
[]
[]
[]
[]
[]
[]
[]
[]
[]
[]
[]
[]
[]
[]
[]
[]
[]
[]
[]
[]
[]
[]
[]
[]
[]
[]
[]
[]
[]
[]
[]
[]
[]
[]
[]
[]
['/Volumes/SSD1/Google_Data/Takeout/Google_Photos/2017-08-10/e1558577-657a-4653-96e4-03427ba467da.mp4']
[]
[]
[]
[]
[]
[]
[]
[]
[]
[]
[]
[]
[]
[]
[]
[]
['/Volumes/SSD1/Google_Data/Takeout/Google_Photos/2015-07-04/20150704_173004.mp4', '/Volumes/SSD1/Google_Data/Takeout/Google_Photos/2015-07-04/20150704_195817.mp4', '/Volumes/SSD1/Google_Data/Takeout/Google_Photos/2015-07-04/20150704_214327.mp4', '/Volumes/SSD1/Google_Data/Takeout/Google_Photos/2015-07-04/20150704_193605.mp4', '/Volumes/SSD1/Google_Data/Takeout/Google_Photos/2015-07-04/20150704_200808.mp4', '/Volumes/SSD1/Google_Data/Takeout/Google_Photos/2015-07-04/20150704_214603.mp4', '/Volumes/SSD1/Google_Data/Takeout/Google_Photos/2015-07-04/20150704_193514.mp4', '/Volumes/SSD1/Google_Data/Takeout/Google_Photos/2015-07-04/20150704_200128.mp4']
[]
[]
[]
[]
[]
[]
[]
[]
[]
[]
[]
['/Volumes/SSD1/Google_Data/Takeout/Google_Photos/2018-06-06/7c96c71d-82bc-4b05-a8ce-037d0100fe01.mp4', '/Volumes/SSD1/Google_Data/Takeout/Google_Photos/2018-06-06/a703ba6f-9f77-477f-8522-c0573fe802af.mp4']
[]
[]
[]
[]
[]
[]
[]
[]
[]
[]
[]
[]
[]
[]
['/Volumes/SSD1/Google_Data/Takeout/Google_Photos/2014-11-01/VID_20141101_200718.mp4']
[]
[]
[]
[]
[]
[]
[]
[]
[]
[]
[]
[]
[]
[]
[]
[]
[]
[]
[]
[]
[]
[]
[]
[]
[]
[]
[]
[]
[]
[]
[]
[]
[]
[]
[]
[]
[]
[]
[]
[]
[]
[]
[]
[]
[]
[]
[]
[]
[]
[]
[]
[]
[]
[]
['/Volumes/SSD1/Google_Data/Takeout/Google_Photos/Sent/AUD-20150105-WA0004.3ga']
[]
[]
[]
[]
[]
[]
[]
[]
[]
[]
[]
[]
[]
[]
[]
[]
[]
[]
[]
[]
[]
[]
[]
[]
['/Volumes/SSD1/Google_Data/Takeout/Google_Photos/2019-02-28 #2/5e9c864a-0ab8-4d0b-a505-4973f5c615ae.mp4']
[]
[]
[]
[]
[]
[]
[]
[]
[]
[]
[]
[]
[]
[]
[]
[]
[]
[]
[]
[]
[]
[]
[]
[]
[]
[]
[]
[]
[]
[]
[]
[]
[]
[]
[]
[]
[]
[]
['/Volumes/SSD1/Google_Data/Takeout/Google_Photos/2018-05-24-26/IMG_3978.mp4', '/Volumes/SSD1/Google_Data/Takeout/Google_Photos/2018-05-24-26/C94CE9CD-4D03-42DF-8909-B97EEB2E25C7.mp4', '/Volumes/SSD1/Google_Data/Takeout/Google_Photos/2018-05-24-26/717c30eb-7237-4d74-aff1-b968374d15dc.mp4', '/Volumes/SSD1/Google_Data/Takeout/Google_Photos/2018-05-24-26/dac2a5fd-c83e-41f2-ac71-07792be95e6a.mp4', '/Volumes/SSD1/Google_Data/Takeout/Google_Photos/2018-05-24-26/IMG_4011.mp4']
[]
[]
[]
[]
[]
[]
[]
[]
[]
[]
[]
[]
[]
[]
[]
[]
[]
[]
[]
[]
[]
[]
[]
[]
[]
[]
[]
[]
[]
[]
[]
[]
[]
[]
[]
[]
[]
[]
['/Volumes/SSD1/Google_Data/Takeout/Google_Photos/2017-10-16-17/5960999f-a0d4-46b0-8a0f-e6f53f84bddf.mp4', '/Volumes/SSD1/Google_Data/Takeout/Google_Photos/2017-10-16-17/2730637b-e8a4-44ff-abc2-d2ea38b2d67e.mp4', '/Volumes/SSD1/Google_Data/Takeout/Google_Photos/2017-10-16-17/57ac93dd-a2fc-42ff-a910-05193dfe11e9.mp4']
[]
[]
[]
[]
[]
[]
[]
[]
[]
[]
[]
[]
[]
[]
[]
[]
[]
[]
[]
[]
[]
[]
[]
[]
[]
[]
[]
[]
[]
[]
[]
[]
[]
[]
[]
[]
[]
[]
[]
[]
[]
[]
[]
[]
[]
[]
[]
[]
[]
[]
[]
[]
[]
[]
[]
[]
[]
[]
[]
[]
[]
[]
[]
[]
[]
[]
[]
[]
[]
[]
[]
[]
[]
[]
[]
[]
[]
[]
[]
[]
[]
[]
[]
[]
[]
[]
[]
[]
[]
[]
[]
[]
[]
[]
[]
[]
[]
[]
[]
[]
[]
[]
[]
[]
[]
[]
[]
[]
[]
[]
[]
[]
[]
[]
[]
[]
[]
[]
['/Volumes/SSD1/Google_Data/Takeout/Google_Photos/2019-05-05-07/02dd34dd-c102-48da-ac90-eb209d55444a.mp4', '/Volumes/SSD1/Google_Data/Takeout/Google_Photos/2019-05-05-07/f8ae6a97-485b-453c-9106-f7dbb5920ba0.mp4', '/Volumes/SSD1/Google_Data/Takeout/Google_Photos/2019-05-05-07/7479ea21-8dad-4ff4-ad22-2e88eff73101.mp4', '/Volumes/SSD1/Google_Data/Takeout/Google_Photos/2019-05-05-07/5d43a8c4-b4bc-47e5-aae3-dd6a755d034b.mp4', '/Volumes/SSD1/Google_Data/Takeout/Google_Photos/2019-05-05-07/82877d15-cce8-430d-822a-fe6d3fcaca2c.mp4', '/Volumes/SSD1/Google_Data/Takeout/Google_Photos/2019-05-05-07/e7b5d631-b043-481c-a149-90993ea1bd95.mp4']
[]
[]
[]
[]
[]
[]
[]
[]
[]
[]
[]
[]
['/Volumes/SSD1/Google_Data/Takeout/Google_Photos/2018-01-30/46EF4245-0504-4B12-9604-E326990D99E7.mp4']
[]
[]
[]
[]
[]
[]
[]
[]
[]
[]
[]
[]
[]
[]
['/Volumes/SSD1/Google_Data/Takeout/Google_Photos/Rohit NJ and NY trip/B454917F-7185-46D9-A372-7C5E6F1E7C0F.mp4']
[]
[]
[]
[]
[]
[]
[]
[]
[]
[]
[]
[]
[]
[]
[]
[]
[]
[]
[]
[]
[]
[]
[]
[]
[]
[]
[]
[]
[]
[]
[]
[]
[]
[]
[]
[]
[]
[]
[]
[]
[]
[]
[]
[]
[]
[]
[]
[]
[]
[]
[]
[]
[]
[]
[]
[]
[]
[]
[]
[]
[]
[]
[]
[]
[]
[]
[]
[]
[]
[]
[]
[]
[]
[]
['/Volumes/SSD1/Google_Data/Takeout/Google_Photos/2015-10-29-31/VID_20151031_125905.mp4', '/Volumes/SSD1/Google_Data/Takeout/Google_Photos/2015-10-29-31/VID_20151031_091324.mp4', '/Volumes/SSD1/Google_Data/Takeout/Google_Photos/2015-10-29-31/VID_20151031_101753.mp4', '/Volumes/SSD1/Google_Data/Takeout/Google_Photos/2015-10-29-31/VID_20151031_125743.mp4', '/Volumes/SSD1/Google_Data/Takeout/Google_Photos/2015-10-29-31/VID_20151031_182052.mp4', '/Volumes/SSD1/Google_Data/Takeout/Google_Photos/2015-10-29-31/VID_20151031_090455.mp4', '/Volumes/SSD1/Google_Data/Takeout/Google_Photos/2015-10-29-31/VID_20151031_094518.mp4', '/Volumes/SSD1/Google_Data/Takeout/Google_Photos/2015-10-29-31/VID_20151031_073425.mp4']
[]
[]
[]
[]
[]
[]
[]
[]
[]
[]
[]
[]
[]
[]
[]
[]
[]
[]
[]
[]
[]
['/Volumes/SSD1/Google_Data/Takeout/Google_Photos/2018-01-31/A5F545A7-B842-4D54-98E6-A8A739394C92.mov', '/Volumes/SSD1/Google_Data/Takeout/Google_Photos/2018-01-31/IMG_1112.mp4']
[]
[]
[]
[]
[]
[]
[]
[]
[]
[]
[]
[]
[]
[]
[]
[]
[]
[]
[]
[]
[]
[]
[]
[]
[]
[]
[]
[]
[]
[]
[]
[]
[]
[]
[]
[]
[]
[]
[]
[]
[]
[]
[]
[]
[]
[]
[]
[]
[]
[]
[]
[]
[]
[]
[]
[]
[]
[]
[]
[]
[]
[]
[]
[]
[]
[]
[]
[]
[]
[]
[]
[]
[]
[]
[]
['/Volumes/SSD1/Google_Data/Takeout/Google_Photos/2015-04-03-04/VID-20150404-WA0015.mp4']
[]
[]
[]
['/Volumes/SSD1/Google_Data/Takeout/Google_Photos/2017-04-18/MOVIE.mp4']
[]
[]
[]
[]
[]
[]
[]
[]
[]
[]
['/Volumes/SSD1/Google_Data/Takeout/Google_Photos/4th of July in Pittsburgh/20150704_173004.mp4', '/Volumes/SSD1/Google_Data/Takeout/Google_Photos/4th of July in Pittsburgh/20150704_195817.mp4', '/Volumes/SSD1/Google_Data/Takeout/Google_Photos/4th of July in Pittsburgh/20150704_214327.mp4', '/Volumes/SSD1/Google_Data/Takeout/Google_Photos/4th of July in Pittsburgh/20150704_193605.mp4', '/Volumes/SSD1/Google_Data/Takeout/Google_Photos/4th of July in Pittsburgh/20150704_200808.mp4', '/Volumes/SSD1/Google_Data/Takeout/Google_Photos/4th of July in Pittsburgh/20150704_214603.mp4', '/Volumes/SSD1/Google_Data/Takeout/Google_Photos/4th of July in Pittsburgh/20150704_193514.mp4', '/Volumes/SSD1/Google_Data/Takeout/Google_Photos/4th of July in Pittsburgh/20150704_200128.mp4']
[]
[]
[]
[]
[]
[]
[]
[]
[]
[]
[]
[]
[]
[]
[]
[]
[]
[]
[]
[]
[]
[]
[]
[]
[]
[]
[]
[]
[]
['/Volumes/SSD1/Google_Data/Takeout/Google_Photos/2017-10-20-22/B454917F-7185-46D9-A372-7C5E6F1E7C0F.mp4']
[]
[]
[]
[]
[]
[]
[]
[]
[]
[]
[]
[]
[]
[]
[]
[]
[]
[]
[]
[]
[]
[]
[]
[]
[]
[]
[]
[]
[]
[]
[]
[]
[]
[]
[]
[]
[]
[]
[]
[]
[]
[]
[]
[]
[]
[]
[]
[]
[]
[]
[]
[]
[]
[]
[]
[]
[]
[]
[]
[]
[]
[]
[]
[]
[]
[]
[]
[]
[]
[]
[]
[]
[]
[]
[]
[]
['/Volumes/SSD1/Google_Data/Takeout/Google_Photos/2017-01-16/IMG_2812.mp4']
[]
[]
[]
[]
[]
[]
[]
['/Volumes/SSD1/Google_Data/Takeout/Google_Photos/2019-07-14-15/ee1ee577-bfe6-40b8-9d06-afb30a5ac4cb.mp4', '/Volumes/SSD1/Google_Data/Takeout/Google_Photos/2019-07-14-15/e6a2eb63-306d-47b5-8ac5-9135f10ce1b0.mp4']
[]
[]
[]
[]
[]
[]
[]
[]
[]
[]
[]
[]
[]
[]
[]
[]
[]
[]
[]
[]
[]
[]
[]
[]
[]
[]
[]
[]
[]
[]
[]
[]
[]
['/Volumes/SSD1/Google_Data/Takeout/Google_Photos/2015-07-17-18/VID-20150718-WA0016.mp4', '/Volumes/SSD1/Google_Data/Takeout/Google_Photos/2015-07-17-18/VID-20150718-WA0017.mp4', '/Volumes/SSD1/Google_Data/Takeout/Google_Photos/2015-07-17-18/VID-20150718-WA0015.mp4', '/Volumes/SSD1/Google_Data/Takeout/Google_Photos/2015-07-17-18/VID-20150718-WA0014.mp4', '/Volumes/SSD1/Google_Data/Takeout/Google_Photos/2015-07-17-18/VID-20150718-WA0010.mp4', '/Volumes/SSD1/Google_Data/Takeout/Google_Photos/2015-07-17-18/VID-20150718-WA0011.mp4', '/Volumes/SSD1/Google_Data/Takeout/Google_Photos/2015-07-17-18/VID-20150718-WA0005.mp4', '/Volumes/SSD1/Google_Data/Takeout/Google_Photos/2015-07-17-18/VID-20150718-WA0013.mp4', '/Volumes/SSD1/Google_Data/Takeout/Google_Photos/2015-07-17-18/VID-20150718-WA0012.mp4', '/Volumes/SSD1/Google_Data/Takeout/Google_Photos/2015-07-17-18/VID-20150718-WA0023.mp4', '/Volumes/SSD1/Google_Data/Takeout/Google_Photos/2015-07-17-18/VID-20150718-WA0022.mp4', '/Volumes/SSD1/Google_Data/Takeout/Google_Photos/2015-07-17-18/VID-20150718-WA0020.mp4', '/Volumes/SSD1/Google_Data/Takeout/Google_Photos/2015-07-17-18/VID-20150718-WA0021.mp4', '/Volumes/SSD1/Google_Data/Takeout/Google_Photos/2015-07-17-18/VID-20150718-WA0009.mp4', '/Volumes/SSD1/Google_Data/Takeout/Google_Photos/2015-07-17-18/VID-20150718-WA0025.mp4', '/Volumes/SSD1/Google_Data/Takeout/Google_Photos/2015-07-17-18/VID-20150718-WA0019.mp4', '/Volumes/SSD1/Google_Data/Takeout/Google_Photos/2015-07-17-18/VID-20150718-WA0018.mp4', '/Volumes/SSD1/Google_Data/Takeout/Google_Photos/2015-07-17-18/VID-20150718-WA0024.mp4', '/Volumes/SSD1/Google_Data/Takeout/Google_Photos/2015-07-17-18/VID-20150718-WA0026.mp4', '/Volumes/SSD1/Google_Data/Takeout/Google_Photos/2015-07-17-18/VID-20150718-WA0027.mp4']
[]
[]
[]
[]
[]
['/Volumes/SSD1/Google_Data/Takeout/Google_Photos/Weekend in Niagara Falls/VID_20150906_170343.mp4', '/Volumes/SSD1/Google_Data/Takeout/Google_Photos/Weekend in Niagara Falls/VID_20150906_131533.mp4', '/Volumes/SSD1/Google_Data/Takeout/Google_Photos/Weekend in Niagara Falls/VID_20150906_132940.mp4', '/Volumes/SSD1/Google_Data/Takeout/Google_Photos/Weekend in Niagara Falls/VID_20150906_122115.mp4', '/Volumes/SSD1/Google_Data/Takeout/Google_Photos/Weekend in Niagara Falls/VID_20150906_122104.mp4', '/Volumes/SSD1/Google_Data/Takeout/Google_Photos/Weekend in Niagara Falls/VID_20150906_144445.mp4', '/Volumes/SSD1/Google_Data/Takeout/Google_Photos/Weekend in Niagara Falls/Snapchat--6426524257367317137.mp4', '/Volumes/SSD1/Google_Data/Takeout/Google_Photos/Weekend in Niagara Falls/VID_20150906_173424.mp4', '/Volumes/SSD1/Google_Data/Takeout/Google_Photos/Weekend in Niagara Falls/VID_20150906_165643.mp4', '/Volumes/SSD1/Google_Data/Takeout/Google_Photos/Weekend in Niagara Falls/VID_20150906_130708.mp4', '/Volumes/SSD1/Google_Data/Takeout/Google_Photos/Weekend in Niagara Falls/Snapchat-7424943543578332375.mp4', '/Volumes/SSD1/Google_Data/Takeout/Google_Photos/Weekend in Niagara Falls/VID_20150906_173709.mp4', '/Volumes/SSD1/Google_Data/Takeout/Google_Photos/Weekend in Niagara Falls/VID_20150906_132034.mp4']
[]
[]
[]
[]
[]
[]
[]
[]
[]
[]
[]
[]
[]
[]
[]
[]
[]
[]
[]
[]
[]
[]
[]
[]
[]
[]
[]
[]
[]
[]
[]
[]
[]
[]
[]
[]
[]
[]
[]
[]
[]
[]
[]
[]
[]
[]
[]
['/Volumes/SSD1/Google_Data/Takeout/Google_Photos/2017-02-25-26/5a53a14b-275f-4c04-81c1-fba46716f1cb.mp4', '/Volumes/SSD1/Google_Data/Takeout/Google_Photos/2017-02-25-26/aeb084f6-d855-4e97-a058-a852c32d786c.mp4', '/Volumes/SSD1/Google_Data/Takeout/Google_Photos/2017-02-25-26/5a679679-b3b3-45d0-87e4-6eb3666dbb81.mp4', '/Volumes/SSD1/Google_Data/Takeout/Google_Photos/2017-02-25-26/f5f98a24-5525-40e0-825f-aa9a48c981f0.mp4']
[]
[]
[]
[]
[]
[]
[]
[]
[]
[]
[]
[]
[]
[]
[]
['/Volumes/SSD1/Google_Data/Takeout/Google_Photos/2015-11-06-12/VID_20151111_180951.mp4']
['/Volumes/SSD1/Google_Data/Takeout/Google_Photos/2018-10-13/ips-24782830-D056-461C-9860-F9A146549968.mp4']
[]
[]
[]
['/Volumes/SSD1/Google_Data/Takeout/Google_Photos/2020-08-03/20150830_135157.mp4', '/Volumes/SSD1/Google_Data/Takeout/Google_Photos/2020-08-03/VID_20150906_170343.mp4', '/Volumes/SSD1/Google_Data/Takeout/Google_Photos/2020-08-03/20150830_123734.mp4', '/Volumes/SSD1/Google_Data/Takeout/Google_Photos/2020-08-03/VID_20151101_185337.mp4', '/Volumes/SSD1/Google_Data/Takeout/Google_Photos/2020-08-03/20150830_124844.mp4', '/Volumes/SSD1/Google_Data/Takeout/Google_Photos/2020-08-03/VID_20150906_131533.mp4', '/Volumes/SSD1/Google_Data/Takeout/Google_Photos/2020-08-03/VID_20151102_064307.mp4', '/Volumes/SSD1/Google_Data/Takeout/Google_Photos/2020-08-03/VID_20151101_182129.mp4', '/Volumes/SSD1/Google_Data/Takeout/Google_Photos/2020-08-03/20150807_011756.mp4', '/Volumes/SSD1/Google_Data/Takeout/Google_Photos/2020-08-03/20150806_182147.mp4', '/Volumes/SSD1/Google_Data/Takeout/Google_Photos/2020-08-03/VID_20140820_204326.mp4', '/Volumes/SSD1/Google_Data/Takeout/Google_Photos/2020-08-03/20150806_183113.mp4', '/Volumes/SSD1/Google_Data/Takeout/Google_Photos/2020-08-03/VID_20151031_125905.mp4', '/Volumes/SSD1/Google_Data/Takeout/Google_Photos/2020-08-03/VID_20151031_091324.mp4', '/Volumes/SSD1/Google_Data/Takeout/Google_Photos/2020-08-03/VID_20150906_132940.mp4', '/Volumes/SSD1/Google_Data/Takeout/Google_Photos/2020-08-03/Snapchat-6087444650675977491.mp4', '/Volumes/SSD1/Google_Data/Takeout/Google_Photos/2020-08-03/20140828_211435.mp4', '/Volumes/SSD1/Google_Data/Takeout/Google_Photos/2020-08-03/VID_20151101_182852.mp4', '/Volumes/SSD1/Google_Data/Takeout/Google_Photos/2020-08-03/Snapchat--7631396312006218686.mp4', '/Volumes/SSD1/Google_Data/Takeout/Google_Photos/2020-08-03/VID_20140928_001136.mp4', '/Volumes/SSD1/Google_Data/Takeout/Google_Photos/2020-08-03/Snapchat-2373059674067872720.mp4', '/Volumes/SSD1/Google_Data/Takeout/Google_Photos/2020-08-03/20150815_180741.mp4', '/Volumes/SSD1/Google_Data/Takeout/Google_Photos/2020-08-03/20150830_132841.mp4', '/Volumes/SSD1/Google_Data/Takeout/Google_Photos/2020-08-03/VID_20150906_122115.mp4', '/Volumes/SSD1/Google_Data/Takeout/Google_Photos/2020-08-03/VID-20150830-WA0011.mp4', '/Volumes/SSD1/Google_Data/Takeout/Google_Photos/2020-08-03/20150823_175201.mp4', '/Volumes/SSD1/Google_Data/Takeout/Google_Photos/2020-08-03/VID_20150905_220617.mp4', '/Volumes/SSD1/Google_Data/Takeout/Google_Photos/2020-08-03/20150830_125523.mp4', '/Volumes/SSD1/Google_Data/Takeout/Google_Photos/2020-08-03/VID_20151031_101753.mp4', '/Volumes/SSD1/Google_Data/Takeout/Google_Photos/2020-08-03/20150830_165711.mp4', '/Volumes/SSD1/Google_Data/Takeout/Google_Photos/2020-08-03/20150830_141102.mp4', '/Volumes/SSD1/Google_Data/Takeout/Google_Photos/2020-08-03/VID_20150906_122104.mp4', '/Volumes/SSD1/Google_Data/Takeout/Google_Photos/2020-08-03/Snapchat--3483912612011411895.mp4', '/Volumes/SSD1/Google_Data/Takeout/Google_Photos/2020-08-03/VID_20150905_221040.mp4', '/Volumes/SSD1/Google_Data/Takeout/Google_Photos/2020-08-03/Snapchat--1653473873135694048.mp4', '/Volumes/SSD1/Google_Data/Takeout/Google_Photos/2020-08-03/20150830_132701.mp4', '/Volumes/SSD1/Google_Data/Takeout/Google_Photos/2020-08-03/VID_20140820_204218.mp4', '/Volumes/SSD1/Google_Data/Takeout/Google_Photos/2020-08-03/VID_20150906_144445.mp4', '/Volumes/SSD1/Google_Data/Takeout/Google_Photos/2020-08-03/VID_20151031_125743.mp4', '/Volumes/SSD1/Google_Data/Takeout/Google_Photos/2020-08-03/20150806_182939.mp4', '/Volumes/SSD1/Google_Data/Takeout/Google_Photos/2020-08-03/VID_20151101_185620.mp4', '/Volumes/SSD1/Google_Data/Takeout/Google_Photos/2020-08-03/20150830_143716.mp4', '/Volumes/SSD1/Google_Data/Takeout/Google_Photos/2020-08-03/20150823_111959.mp4', '/Volumes/SSD1/Google_Data/Takeout/Google_Photos/2020-08-03/ips-A0DF924C-E493-4CE2-A8A3-2325E97EA7F0.mp4', '/Volumes/SSD1/Google_Data/Takeout/Google_Photos/2020-08-03/VID_20151101_185019.mp4', '/Volumes/SSD1/Google_Data/Takeout/Google_Photos/2020-08-03/VID_20151101_183246.mp4', '/Volumes/SSD1/Google_Data/Takeout/Google_Photos/2020-08-03/Snapchat-717522160037162828.mp4', '/Volumes/SSD1/Google_Data/Takeout/Google_Photos/2020-08-03/20150823_130421.mp4', '/Volumes/SSD1/Google_Data/Takeout/Google_Photos/2020-08-03/Snapchat-5669254551269921326.mp4', '/Volumes/SSD1/Google_Data/Takeout/Google_Photos/2020-08-03/Snapchat--3537959869609825330.mp4', '/Volumes/SSD1/Google_Data/Takeout/Google_Photos/2020-08-03/20150830_122247.mp4', '/Volumes/SSD1/Google_Data/Takeout/Google_Photos/2020-08-03/VID_20150924_122202.mp4', '/Volumes/SSD1/Google_Data/Takeout/Google_Photos/2020-08-03/VID_20150906_122650.mp4', '/Volumes/SSD1/Google_Data/Takeout/Google_Photos/2020-08-03/20150830_133003.mp4', '/Volumes/SSD1/Google_Data/Takeout/Google_Photos/2020-08-03/20150830_180356.mp4', '/Volumes/SSD1/Google_Data/Takeout/Google_Photos/2020-08-03/VID_20150906_170706.mp4', '/Volumes/SSD1/Google_Data/Takeout/Google_Photos/2020-08-03/20150830_143446.mp4', '/Volumes/SSD1/Google_Data/Takeout/Google_Photos/2020-08-03/20150823_122806.mp4', '/Volumes/SSD1/Google_Data/Takeout/Google_Photos/2020-08-03/video-2bbd42e712585b4243f19fed69f186952927d79ad.mp4', '/Volumes/SSD1/Google_Data/Takeout/Google_Photos/2020-08-03/Snapchat--6426524257367317137.mp4', '/Volumes/SSD1/Google_Data/Takeout/Google_Photos/2020-08-03/video-f4419adc6de2bf9a9d62cb639e52e06869af7bdee.mp4', '/Volumes/SSD1/Google_Data/Takeout/Google_Photos/2020-08-03/VID_20150906_173424.mp4', '/Volumes/SSD1/Google_Data/Takeout/Google_Photos/2020-08-03/20150823_112902.mp4', '/Volumes/SSD1/Google_Data/Takeout/Google_Photos/2020-08-03/VID_20150906_165643.mp4', '/Volumes/SSD1/Google_Data/Takeout/Google_Photos/2020-08-03/VID_20150906_165858.mp4', '/Volumes/SSD1/Google_Data/Takeout/Google_Photos/2020-08-03/VID_20150906_165723.mp4', '/Volumes/SSD1/Google_Data/Takeout/Google_Photos/2020-08-03/VID_20151101_191853.mp4', '/Volumes/SSD1/Google_Data/Takeout/Google_Photos/2020-08-03/Snapchat-9040212586214665497.mp4', '/Volumes/SSD1/Google_Data/Takeout/Google_Photos/2020-08-03/VID_20151031_182052.mp4', '/Volumes/SSD1/Google_Data/Takeout/Google_Photos/2020-08-03/20150823_130817.mp4', '/Volumes/SSD1/Google_Data/Takeout/Google_Photos/2020-08-03/20150806_164910.mp4', '/Volumes/SSD1/Google_Data/Takeout/Google_Photos/2020-08-03/VID_20150906_130708.mp4', '/Volumes/SSD1/Google_Data/Takeout/Google_Photos/2020-08-03/VID_20151101_185401.mp4', '/Volumes/SSD1/Google_Data/Takeout/Google_Photos/2020-08-03/20150823_130356.mp4', '/Volumes/SSD1/Google_Data/Takeout/Google_Photos/2020-08-03/VID-20150815-WA0007.mp4', '/Volumes/SSD1/Google_Data/Takeout/Google_Photos/2020-08-03/VID_20150905_162733.mp4', '/Volumes/SSD1/Google_Data/Takeout/Google_Photos/2020-08-03/VID_20151102_063612.mp4', '/Volumes/SSD1/Google_Data/Takeout/Google_Photos/2020-08-03/VID_20151031_090455.mp4', '/Volumes/SSD1/Google_Data/Takeout/Google_Photos/2020-08-03/VID_20151009_082057.mp4', '/Volumes/SSD1/Google_Data/Takeout/Google_Photos/2020-08-03/VID_20151101_180245.mp4', '/Volumes/SSD1/Google_Data/Takeout/Google_Photos/2020-08-03/VID_20151101_180523.mp4', '/Volumes/SSD1/Google_Data/Takeout/Google_Photos/2020-08-03/20150830_172822.mp4', '/Volumes/SSD1/Google_Data/Takeout/Google_Photos/2020-08-03/Snapchat-7424943543578332375.mp4', '/Volumes/SSD1/Google_Data/Takeout/Google_Photos/2020-08-03/VID-20150718-WA0022.mp4', '/Volumes/SSD1/Google_Data/Takeout/Google_Photos/2020-08-03/VID_20151102_072037.mp4', '/Volumes/SSD1/Google_Data/Takeout/Google_Photos/2020-08-03/video-7700cd7620809e82a413d13c9e363c89b8042b8d4.mp4', '/Volumes/SSD1/Google_Data/Takeout/Google_Photos/2020-08-03/20150806_123155.mp4', '/Volumes/SSD1/Google_Data/Takeout/Google_Photos/2020-08-03/VID_20140814_155850.mp4', '/Volumes/SSD1/Google_Data/Takeout/Google_Photos/2020-08-03/20150704_214603.mp4', '/Volumes/SSD1/Google_Data/Takeout/Google_Photos/2020-08-03/VID_20151101_182733.mp4', '/Volumes/SSD1/Google_Data/Takeout/Google_Photos/2020-08-03/20150806_163808.mp4', '/Volumes/SSD1/Google_Data/Takeout/Google_Photos/2020-08-03/VID_20150906_173709.mp4', '/Volumes/SSD1/Google_Data/Takeout/Google_Photos/2020-08-03/VID_20151101_153557.mp4', '/Volumes/SSD1/Google_Data/Takeout/Google_Photos/2020-08-03/20150830_162955.mp4', '/Volumes/SSD1/Google_Data/Takeout/Google_Photos/2020-08-03/20150830_152100.mp4', '/Volumes/SSD1/Google_Data/Takeout/Google_Photos/2020-08-03/VID-20150705-WA0048.mp4', '/Volumes/SSD1/Google_Data/Takeout/Google_Photos/2020-08-03/Snapchat--8016295312461197049.mp4', '/Volumes/SSD1/Google_Data/Takeout/Google_Photos/2020-08-03/20150830_180244.mp4', '/Volumes/SSD1/Google_Data/Takeout/Google_Photos/2020-08-03/VID_20151031_094518.mp4', '/Volumes/SSD1/Google_Data/Takeout/Google_Photos/2020-08-03/VID_20151102_132206.mp4', '/Volumes/SSD1/Google_Data/Takeout/Google_Photos/2020-08-03/20150823_130726.mp4', '/Volumes/SSD1/Google_Data/Takeout/Google_Photos/2020-08-03/VID_20150906_131503.mp4', '/Volumes/SSD1/Google_Data/Takeout/Google_Photos/2020-08-03/VID_20151101_183011.mp4', '/Volumes/SSD1/Google_Data/Takeout/Google_Photos/2020-08-03/VID_20151101_183239.mp4', '/Volumes/SSD1/Google_Data/Takeout/Google_Photos/2020-08-03/VID_20151031_073425.mp4', '/Volumes/SSD1/Google_Data/Takeout/Google_Photos/2020-08-03/VID_20150906_132034.mp4', '/Volumes/SSD1/Google_Data/Takeout/Google_Photos/2020-08-03/20150823_110345.mp4', '/Volumes/SSD1/Google_Data/Takeout/Google_Photos/2020-08-03/20150823_114453.mp4', '/Volumes/SSD1/Google_Data/Takeout/Google_Photos/2020-08-03/VID_20151102_074709.mp4', '/Volumes/SSD1/Google_Data/Takeout/Google_Photos/2020-08-03/VID_20151101_183204.mp4']
[]
[]
[]
[]
[]
[]
